[13.05.20 22:42:30] Loaded Event: Apil Fool's Day [state: deactivated]
[13.05.20 22:42:30] Loaded Event: Christmas [state: deactivated]
[13.05.20 22:42:30] Loaded Event: Coffer of Shadows [state: deactivated]
[13.05.20 22:42:30] Loaded CustomDropItems: CustomDropItems [state: activated]
[13.05.20 22:42:30] Duplicate properties name "AllowedItems" replaced with new value.
[13.05.20 22:42:30] Loaded Service: EventsConfig
[13.05.20 22:42:30] Loaded Event: Fight Club
[13.05.20 22:42:30] Loaded Event: Freya Celebration [state: deactivated]
[13.05.20 22:42:30] Loaded Event: Gift Of Vitality [state: deactivated]
[13.05.20 22:42:30] Loaded Event: Hitman
[13.05.20 22:42:30] Loaded Event: March 8 [state: deactivated]
[13.05.20 22:42:30] Loaded Event: Master of Enchanting [state: deactivated]
[13.05.20 22:42:30] Loaded Event: PcCafePointsExchange [state: deactivated]
[13.05.20 22:42:30] Loaded Event: PiratesTreasure loaded.
[13.05.20 22:42:30] Loaded Event: SavingSnowman [state: deactivated]
[13.05.20 22:42:30] Loaded Event: Summer Meleons [state: deactivated]
[13.05.20 22:42:30] Loaded Event: The Fall Harvest [state: deactivated]
[13.05.20 22:42:30] Loaded Event: The Flow Of The Horror [state: deactivated]
[13.05.20 22:42:30] Loaded Event: Trick of Trnasmutation [state: deactivated]
[13.05.20 22:42:30] Loaded Event: TvT Arena 1 [state: deactivated]
[13.05.20 22:42:30] Loaded Event: TvT Arena 2 [state: deactivated]
[13.05.20 22:42:30] Loaded Event: TvT Arena 3 [state: deactivated]
[13.05.20 22:42:30] Loaded Event: Viktorina
[13.05.20 22:42:30] Loaded Event: Bounty Hunters Guild
[13.05.20 22:42:30] Loaded Event: L2 Medal Collection Event [state: deactivated]
[13.05.20 22:42:30] Loaded Event: Change of Heart[state: deactivated]
[13.05.20 22:42:30] Loaded Event: null [state: deactivated]
[13.05.20 22:42:30] Loaded Event: l2day [state: deactivated]
