[13.05.20 22:42:02:586]  INFO gameserver.GameServer: =================================================
[13.05.20 22:42:02:593]  INFO gameserver.GameServer: Copyright: ............... L2Mythras.EU
[13.05.20 22:42:02:593]  INFO gameserver.GameServer: Update: .................. 993 contact L2Mythras.eu Team
[13.05.20 22:42:02:594]  INFO gameserver.GameServer: Chronicle: ............... High Five Part 5
[13.05.20 22:42:02:594]  INFO gameserver.GameServer: =================================================
[13.05.20 22:42:02:650]  INFO gameserver.Config: Loaded 6 trade words.
[13.05.20 22:42:02:659]  INFO gameserver.Config: Abuse: Loaded 153 abuse words.
[13.05.20 22:42:05:012]  INFO gameserver.GameServer: =======[Loading Protection Configuration]========
[13.05.20 22:42:05:019]  INFO idfactory.IdFactory: IdFactory: Clear characters online status.
[13.05.20 22:42:05:037]  INFO idfactory.IdFactory: IdFactory: Cleaned 0 elements from database in 0sec.
[13.05.20 22:42:05:046]  INFO idfactory.IdFactory: IdFactory: Extracted 2 used id's from characters
[13.05.20 22:42:05:048]  INFO idfactory.IdFactory: IdFactory: Extracted 43 used id's from items
[13.05.20 22:42:05:049]  INFO idfactory.IdFactory: IdFactory: Extracted total 45 used id's.
[13.05.20 22:42:05:049]  INFO idfactory.BitSetIDFactory: IdFactory: 102912 id's available.
[13.05.20 22:42:05:205]  INFO gameserver.GameServer: ===============[Loading Scripts]==================
[13.05.20 22:42:05:207]  INFO scripts.Scripts: Scripts: Loading...
[13.05.20 22:42:05:208]  INFO scripts.Scripts: Loading Server Scripts
[13.05.20 22:42:05:997]  INFO scripts.Scripts: Scripts: Loaded 1269 classes.
[13.05.20 22:42:06:036]  INFO vote.VoteMain: Loaded: Vote System - Individual Reward.
[13.05.20 22:42:06:052]  INFO tables.FakePlayersTable: FakePlayersTable: Loaded 32002 Fake Players.
[13.05.20 22:42:06:072]  INFO utils.Strings: Loaded 418 translit entries.
[13.05.20 22:42:06:080]  INFO gameserver.GameTimeController: GameTimeController: initialized. Current time is 22:12 in the day.
[13.05.20 22:42:06:081]  INFO gameserver.GameServer: ------------------------------------------------------------=[ Lineage World ]
[13.05.20 22:42:06:081]  INFO model.World: L2World: Creating regions: [256][272][32].
[13.05.20 22:42:06:081]  INFO gameserver.GameServer: ==============================================================================
[13.05.20 22:42:06:084]  INFO htm.HtmCache: HtmCache: disabled.
[13.05.20 22:42:06:097]  INFO data.StringHolder: StringHolder: load strings: 670 for lang: ENGLISH
[13.05.20 22:42:06:099]  INFO data.StringHolder: StringHolder: load strings: 560 for lang: RUSSIAN
[13.05.20 22:42:12:178]  INFO skills.SkillsEngine: SkillsEngine: Loaded 66067 skill templates from XML files. Max id: 91000, max level: 259
[13.05.20 22:42:13:505]  INFO holder.OptionDataHolder: OptionDataHolder: loaded 24975 option data(s) count.
[13.05.20 22:42:15:160]  INFO holder.ItemHolder: ItemHolder: loaded 19246 item(s) count.
[13.05.20 22:42:19:090]  INFO holder.NpcHolder: NpcHolder: loaded 10560 npc(s) count.
[13.05.20 22:42:19:105]  INFO instancemanager.MapRegionManager: MapRegionManager: loaded 272 map region manager(s) count.
[13.05.20 22:42:19:145]  INFO instancemanager.MapRegionManager: MapRegionManager: loaded 272 map region manager(s) count.
[13.05.20 22:42:19:247]  INFO holder.ExchangeItemHolder: ExchangeItemHolder: loaded 602 exchange item(s) count.
[13.05.20 22:42:19:275]  INFO holder.StaticObjectHolder: StaticObjectHolder: loaded 50 static object(s) count.
[13.05.20 22:42:19:653]  INFO holder.DoorHolder: DoorHolder: loaded 1155 door(s) count.
[13.05.20 22:42:19:820]  INFO holder.ZoneHolder: ZoneHolder: loaded 1236 zone(s) count.
[13.05.20 22:42:21:010]  INFO holder.SpawnHolder: SpawnHolder: loaded 30022 spawn(s) count.
[13.05.20 22:42:21:157]  INFO holder.InstantZoneHolder: InstantZoneHolder: loaded 93 instant zone(s) count.
[13.05.20 22:42:23:140]  INFO holder.AirshipDockHolder: AirshipDockHolder: loaded 4 airship dock(s) count.
[13.05.20 22:42:23:276]  INFO holder.SkillAcquireHolder: SkillAcquireHolder: load 57215 normal learns for 103 classes.
[13.05.20 22:42:23:283]  INFO holder.SkillAcquireHolder: SkillAcquireHolder: load 79 transfer learns for 3 classes.
[13.05.20 22:42:23:284]  INFO holder.SkillAcquireHolder: SkillAcquireHolder: load 120 transformation learns for 6 races.
[13.05.20 22:42:23:284]  INFO holder.SkillAcquireHolder: SkillAcquireHolder: load 662 fishing learns for 6 races.
[13.05.20 22:42:23:284]  INFO holder.SkillAcquireHolder: SkillAcquireHolder: load 72 certification learns.
[13.05.20 22:42:23:284]  INFO holder.SkillAcquireHolder: SkillAcquireHolder: load 3 collection learns.
[13.05.20 22:42:23:284]  INFO holder.SkillAcquireHolder: SkillAcquireHolder: load 44 pledge learns.
[13.05.20 22:42:23:284]  INFO holder.SkillAcquireHolder: SkillAcquireHolder: load 18 sub unit learns.
[13.05.20 22:42:23:317]  INFO holder.CharTemplateHolder: CharTemplateHolder: loaded 206 char template(s) count.
[13.05.20 22:42:23:704]  INFO holder.ResidenceHolder: ResidenceHolder: total size: 83
[13.05.20 22:42:23:704]  INFO holder.ResidenceHolder: ResidenceHolder:  - load 9 castle(s).
[13.05.20 22:42:23:705]  INFO holder.ResidenceHolder: ResidenceHolder:  - load 21 fortress(s).
[13.05.20 22:42:23:706]  INFO holder.ResidenceHolder: ResidenceHolder:  - load 9 dominion(s).
[13.05.20 22:42:23:706]  INFO holder.ResidenceHolder: ResidenceHolder:  - load 44 clanhall(s).
[13.05.20 22:42:23:850]  INFO instancemanager.RaidBossSpawnManager: RaidBossSpawnManager: Loaded 194 Statuses
[13.05.20 22:42:23:917]  INFO entity.SevenSigns: SevenSigns: Currently in the Competition (Quest Event) period!
[13.05.20 22:42:23:917]  INFO entity.SevenSigns: SevenSigns: The Seal of Avarice remains unclaimed.
[13.05.20 22:42:23:918]  INFO entity.SevenSigns: SevenSigns: The Seal of Gnosis remains unclaimed.
[13.05.20 22:42:23:918]  INFO entity.SevenSigns: SevenSigns: The Seal of Strife remains unclaimed.
[13.05.20 22:42:23:918]  INFO entity.SevenSigns: SevenSigns: The Competition this week, if the trend continue, will end with a tie.
[13.05.20 22:42:23:919]  INFO entity.SevenSigns: SevenSigns: Next period begins in 4 days, 19 hours and 17 mins.
[13.05.20 22:42:24:265]  INFO holder.EventHolder: EventHolder: loaded 101 event(s) count.
[13.05.20 22:42:24:302]  INFO holder.FightClubMapHolder: FightClubMapHolder: loaded 27 fight club map(s) count.
[13.05.20 22:42:24:314]  INFO holder.CubicHolder: CubicHolder: loaded 145 cubic(s) count.
[13.05.20 22:42:24:560]  INFO holder.BuyListHolder: TradeController: Loaded 4 file(s).
[13.05.20 22:42:24:561]  INFO holder.BuyListHolder: TradeController: Loaded 25022 Items.
[13.05.20 22:42:24:562]  INFO holder.BuyListHolder: TradeController: Loaded 727 Buylists.
[13.05.20 22:42:24:689]  INFO holder.RecipeHolder: RecipeController: Loaded 998 Recipes.
[13.05.20 22:42:25:344]  INFO holder.ProductHolder: ProductItemTable: Loaded 0 product item on sale.
[13.05.20 22:42:25:436]  INFO holder.HennaHolder: HennaHolder: loaded 180 henna(s) count.
[13.05.20 22:42:25:442]  INFO holder.EnchantItemHolder: EnchantItemHolder: load 4 enchant scroll(s).
[13.05.20 22:42:25:448]  INFO holder.SoulCrystalHolder: SoulCrystalHolder: loaded 54 soul crystal(s) count.
[13.05.20 22:42:25:458]  INFO holder.ArmorSetsHolder: ArmorSetsHolder: loaded 199 armor sets(s) count.
[13.05.20 22:42:25:467]  INFO holder.PetitionGroupHolder: PetitionGroupHolder: loaded 3 petition group(s) count.
[13.05.20 22:42:25:472]  INFO holder.DressArmorHolder: DressArmorHolder: loaded 16 dress armor(s) count.
[13.05.20 22:42:25:476]  INFO holder.DressCloakHolder: DressCloakHolder: loaded 15 dress cloak(s) count.
[13.05.20 22:42:25:480]  INFO holder.DressShieldHolder: DressShieldHolder: loaded 12 dress shield(s) count.
[13.05.20 22:42:25:489]  INFO holder.DressWeaponHolder: DressWeaponHolder: loaded 402 dress weapon(s) count.
[13.05.20 22:42:25:679]  INFO holder.AugmentationDataHolder: AugmentationDataHolder: loaded 1022 augmentation data(s) count.
[13.05.20 22:42:25:686]  INFO holder.PremiumHolder: PremiumHolder: loaded 7 premium(s) count.
[13.05.20 22:42:25:690]  INFO holder.FoundationHolder: FoundationHolder: loaded 279 foundation(s) count.
[13.05.20 22:42:25:709]  INFO holder.DonationHolder: DonationHolder: loaded 211 donation(s) count.
[13.05.20 22:42:25:709]  INFO gameserver.GameServer: -------------------------------------------------------------=[ Banned HWIDS ]
[13.05.20 22:42:25:712]  INFO security.HWIDBan: black list (Hwid) loaded size: 0
[13.05.20 22:42:25:712]  INFO gameserver.GameServer: --------------------------------------------------------------=[ Clan Crests ]
[13.05.20 22:42:25:720]  INFO cache.CrestCache: CrestCache: Loaded 0 crests
[13.05.20 22:42:25:721]  INFO gameserver.GameServer: ===============[Loading Images]==================
[13.05.20 22:42:30:481]  INFO cache.ImagesCache: Loaded 185 Images!
[13.05.20 22:42:30:481]  INFO gameserver.GameServer: ==============================================================================
[13.05.20 22:42:30:498]  INFO gameserver.GameServer: ---------------------------------------------------------------=[ Fish Table ]
[13.05.20 22:42:30:512]  INFO tables.FishTable: FishTable: Loaded 270 fishes.
[13.05.20 22:42:30:524]  INFO tables.FishTable: FishTable: Loaded 919 fish rewards.
[13.05.20 22:42:30:524]  INFO gameserver.GameServer: -------------------------------------------------------------------=[ Skills ]
[13.05.20 22:42:30:525]  INFO tables.SkillTreeTable: SkillTreeTable: Loaded 526 enchanted skills.
[13.05.20 22:42:30:526]  INFO gameserver.GameServer: --------------------------------------------------------=[ Augmentation Data ]
[13.05.20 22:42:30:533]  INFO tables.AugmentationData: Initializing AugmentationData.
[13.05.20 22:42:30:569]  INFO tables.AugmentationData: AugmentationData: 10 bad skill(s) were skipped.
[13.05.20 22:42:30:584]  INFO tables.AugmentationData: AugmentationData: Loaded: 52 augmentation stats.
[13.05.20 22:42:30:584]  INFO tables.AugmentationData: AugmentationData: Loaded: 24 accessory augmentation stats.
[13.05.20 22:42:30:585]  INFO tables.AugmentationData: AugmentationData: Loaded: 17 blue, 106 purple and 54 red skills for lifeStoneLevel 0
[13.05.20 22:42:30:585]  INFO tables.AugmentationData: AugmentationData: Loaded: 17 blue, 106 purple and 54 red skills for lifeStoneLevel 1
[13.05.20 22:42:30:586]  INFO tables.AugmentationData: AugmentationData: Loaded: 17 blue, 106 purple and 54 red skills for lifeStoneLevel 2
[13.05.20 22:42:30:586]  INFO tables.AugmentationData: AugmentationData: Loaded: 17 blue, 106 purple and 54 red skills for lifeStoneLevel 3
[13.05.20 22:42:30:589]  INFO tables.AugmentationData: AugmentationData: Loaded: 17 blue, 106 purple and 54 red skills for lifeStoneLevel 4
[13.05.20 22:42:30:590]  INFO tables.AugmentationData: AugmentationData: Loaded: 17 blue, 106 purple and 54 red skills for lifeStoneLevel 5
[13.05.20 22:42:30:592]  INFO tables.AugmentationData: AugmentationData: Loaded: 17 blue, 106 purple and 54 red skills for lifeStoneLevel 6
[13.05.20 22:42:30:592]  INFO tables.AugmentationData: AugmentationData: Loaded: 17 blue, 106 purple and 54 red skills for lifeStoneLevel 7
[13.05.20 22:42:30:593]  INFO tables.AugmentationData: AugmentationData: Loaded: 17 blue, 106 purple and 54 red skills for lifeStoneLevel 8
[13.05.20 22:42:30:595]  INFO tables.AugmentationData: AugmentationData: Loaded: 17 blue, 106 purple and 54 red skills for lifeStoneLevel 9
[13.05.20 22:42:30:601]  INFO tables.EnchantHPBonusTable: EnchantHPBonusTable: Loaded bonuses for 6 grades.
[13.05.20 22:42:30:601]  INFO gameserver.GameServer: -----------------------------------------------------------=[ Level Up Table ]
[13.05.20 22:42:30:606]  INFO tables.LevelUpTable: LevelUpData: Loaded 103 Character Level Up Templates.
[13.05.20 22:42:30:622]  INFO tables.PetSkillsTable: PetSkillsTable: Loaded 2558 skills.
[13.05.20 22:42:30:622]  INFO gameserver.GameServer: ---------------------------------------------------------------=[ Auctioneer ]
[13.05.20 22:42:30:628]  INFO itemauction.ItemAuctionManager: Initializing ItemAuctionManager
[13.05.20 22:42:30:664]  INFO itemauction.ItemAuctionInstance: ItemAuction: Loaded 37 item(s) and registered 1 auction(s) for instance 32320.
[13.05.20 22:42:30:666]  INFO itemauction.ItemAuctionInstance: ItemAuction: Schedule next auction 1 on 2020.05.19 17:00:00 for instance 32320
[13.05.20 22:42:30:668]  INFO itemauction.ItemAuctionInstance: ItemAuction: Loaded 37 item(s) and registered 1 auction(s) for instance 32321.
[13.05.20 22:42:30:668]  INFO itemauction.ItemAuctionInstance: ItemAuction: Schedule next auction 2 on 2020.05.14 17:00:00 for instance 32321
[13.05.20 22:42:30:675]  INFO itemauction.ItemAuctionInstance: ItemAuction: Loaded 37 item(s) and registered 1 auction(s) for instance 32322.
[13.05.20 22:42:30:675]  INFO itemauction.ItemAuctionInstance: ItemAuction: Schedule next auction 3 on 2020.05.16 17:00:00 for instance 32322
[13.05.20 22:42:30:676]  INFO itemauction.ItemAuctionManager: ItemAuctionManager: Loaded 3 instance(s).
[13.05.20 22:42:30:681]  INFO gameserver.GameServer: ===============[Loading RAIDBOSS]==================
[13.05.20 22:42:30:717]  INFO bosses.AntharasManager: AntharasManager: State of Antharas is NOTSPAWN.
[13.05.20 22:42:30:718]  INFO bosses.AntharasManager: AntharasManager: Next spawn date of Antharas is 05:00 01.01.1970.
[13.05.20 22:42:30:722]  INFO bosses.BaiumManager: BaiumManager: State of Baium is NOTSPAWN.
[13.05.20 22:42:30:730]  INFO bosses.BaiumManager: BaiumManager: Next spawn date: 05:00 01.01.1970
[13.05.20 22:42:30:745]  INFO bosses.BelethManager: Beleth Manager: Loaded successfuly
[13.05.20 22:42:30:753]  INFO bosses.FourSepulchersSpawn: FourSepulchersManager: Loaded 20 Mysterious-Box spawns.
[13.05.20 22:42:30:786]  INFO bosses.FourSepulchersSpawn: FourSepulchersManager: loaded 716 physical monsters spawns.
[13.05.20 22:42:30:819]  INFO bosses.FourSepulchersSpawn: FourSepulchersManager: loaded 716 magical monsters spawns.
[13.05.20 22:42:30:837]  INFO bosses.FourSepulchersSpawn: FourSepulchersManager: loaded 92 Church of duke monsters spawns.
[13.05.20 22:42:30:846]  INFO bosses.FourSepulchersSpawn: FourSepulchersManager: loaded 68 Emperor's grave NPC spawns.
[13.05.20 22:42:30:853]  INFO bosses.FourSepulchersSpawn: FourSepulchersManager: Spawned Conquerors' Sepulcher Manager
[13.05.20 22:42:30:855]  INFO bosses.FourSepulchersSpawn: FourSepulchersManager: Spawned Emperors' Sepulcher Manager
[13.05.20 22:42:30:856]  INFO bosses.FourSepulchersSpawn: FourSepulchersManager: Spawned Great Sages' Sepulcher Manager
[13.05.20 22:42:30:857]  INFO bosses.FourSepulchersSpawn: FourSepulchersManager: Spawned Judges' Sepulcher Manager
[13.05.20 22:42:30:858]  INFO bosses.FourSepulchersManager: FourSepulchersManager: Beginning in Attack time
[13.05.20 22:42:30:862]  INFO bosses.SailrenManager: SailrenManager: State of Sailren is NOTSPAWN.
[13.05.20 22:42:30:864]  INFO bosses.SailrenManager: SailrenManager: Next spawn date of Sailren is 05:00 01.01.1970.
[13.05.20 22:42:30:868]  INFO bosses.ValakasManager: ValakasManager: State of Valakas is NOTSPAWN.
[13.05.20 22:42:30:868]  INFO bosses.ValakasManager: ValakasManager: Next spawn date of Valakas is 05:00 01.01.1970.
[13.05.20 22:42:30:891]  INFO threading.RunnableImpl: Wed May 13 22:42:30 YEKT 2020 Atk announce scheduled to 45.0 minute of this hour.
[13.05.20 22:42:31:118]  INFO tables.PetDataTable: PetDataTable: Loaded 3870 pets.
[13.05.20 22:42:31:134]  INFO model.Manor: ManorManager: Loaded 270 seeds
[13.05.20 22:42:31:147]  INFO voicecommands.DressMe: Dress me system: Load 45 Sword(s).
[13.05.20 22:42:31:148]  INFO voicecommands.DressMe: Dress me system: Load 25 Blunt(s).
[13.05.20 22:42:31:148]  INFO voicecommands.DressMe: Dress me system: Load 23 Dagger(s).
[13.05.20 22:42:31:148]  INFO voicecommands.DressMe: Dress me system: Load 22 Bow(s).
[13.05.20 22:42:31:149]  INFO voicecommands.DressMe: Dress me system: Load 31 Pole(s).
[13.05.20 22:42:31:150]  INFO voicecommands.DressMe: Dress me system: Load 1 Fist(s).
[13.05.20 22:42:31:150]  INFO voicecommands.DressMe: Dress me system: Load 102 Dual Sword(s).
[13.05.20 22:42:31:151]  INFO voicecommands.DressMe: Dress me system: Load 22 Dual Fist(s).
[13.05.20 22:42:31:151]  INFO voicecommands.DressMe: Dress me system: Load 27 Big Sword(s).
[13.05.20 22:42:31:155]  INFO voicecommands.DressMe: Dress me system: Load 4 Rod(s).
[13.05.20 22:42:31:156]  INFO voicecommands.DressMe: Dress me system: Load 44 Big Blunt(s).
[13.05.20 22:42:31:167]  INFO voicecommands.DressMe: Dress me system: Load 20 Crossbow(s).
[13.05.20 22:42:31:171]  INFO voicecommands.DressMe: Dress me system: Load 21 Rapier(s).
[13.05.20 22:42:31:171]  INFO voicecommands.DressMe: Dress me system: Load 21 Ancient Sword(s).
[13.05.20 22:42:31:172]  INFO voicecommands.DressMe: Dress me system: Load 9 Dual Dagger(s).
[13.05.20 22:42:31:697]  INFO scriptconfig.ScriptConfig: Loaded Service: ScripsConfig
[13.05.20 22:42:31:715]  INFO model.Player: Loaded Service: SellPcService
[13.05.20 22:42:31:720]  INFO community.CareerManager: CommunityBoard: Manage Career service loaded.
[13.05.20 22:42:31:727]  INFO community.CommunityAuctionHouse: CommunityBoard: Auction System Service loaded.
[13.05.20 22:42:31:729]  INFO community.CommunityBoard: CommunityBoard: service loaded.
[13.05.20 22:42:31:731]  INFO community.CommunityBosses: CommunityBoard: Bosses loaded.
[13.05.20 22:42:31:742]  INFO community.CommunityClan: CommunityBoard: Clan Community service loaded.
[13.05.20 22:42:31:744]  INFO community.CommunityDropCalculator: CommunityBoard: Drop Calculator service loaded.
[13.05.20 22:42:31:745]  INFO community.CommunityEvents: CommunityBoard: Community Events service loaded.
[13.05.20 22:42:31:746]  INFO community.CommunityNpcs: CommunityBoard: Npcs loaded.
[13.05.20 22:42:31:747]  INFO community.CommunityWarehouse: CommunityBoard: Warehouse loaded.
[13.05.20 22:42:31:749]  INFO community.Forge: CommunityBoard: Forge loaded.
[13.05.20 22:42:31:761]  INFO community.RankingCommunity: Ranking in the commynity board has been updated.
[13.05.20 22:42:31:763]  INFO community.ServicesCommunity: ServicesCommunity: Services Community service loaded.
[13.05.20 22:42:31:765]  INFO community.StatManager: CommunityBoard: Statistic service loaded.
[13.05.20 22:42:31:781]  INFO gameserver.GameServer: ===============[Spawn Manager]==================
[13.05.20 22:42:32:010]  INFO instancemanager.SpawnManager: SpawnManager: spawned 1000 npc for group: NONE
[13.05.20 22:42:32:315]  INFO instancemanager.SpawnManager: SpawnManager: spawned 2000 npc for group: NONE
[13.05.20 22:42:33:646]  INFO naia.NaiaTowerManager: Naia Tower Manager: Loaded 12 rooms
[13.05.20 22:42:33:866]  INFO instancemanager.SpawnManager: SpawnManager: spawned 8000 npc for group: NONE
[13.05.20 22:42:35:218]  INFO instancemanager.SpawnManager: SpawnManager: spawned 13000 npc for group: NONE
[13.05.20 22:42:35:522]  INFO instancemanager.SpawnManager: SpawnManager: spawned 14000 npc for group: NONE
[13.05.20 22:42:36:612]  INFO instancemanager.SpawnManager: SpawnManager: spawned 17000 npc for group: NONE
[13.05.20 22:42:37:301]  INFO instancemanager.SpawnManager: SpawnManager: spawned 19000 npc for group: NONE
[13.05.20 22:42:37:731]  INFO instancemanager.SpawnManager: SpawnManager: spawned 20000 npc for group: NONE
[13.05.20 22:42:38:165]  INFO instancemanager.SpawnManager: SpawnManager: spawned 21000 npc for group: NONE
[13.05.20 22:42:38:615]  INFO instancemanager.SpawnManager: SpawnManager: spawned 22000 npc for group: NONE
[13.05.20 22:42:39:073]  INFO instancemanager.SpawnManager: SpawnManager: spawned 23000 npc for group: NONE
[13.05.20 22:42:39:595]  INFO instancemanager.SpawnManager: SpawnManager: spawned 24000 npc for group: NONE
[13.05.20 22:42:45:363]  INFO instancemanager.SpawnManager: SpawnManager: spawned 33000 npc for group: NONE
[13.05.20 22:42:49:080]  INFO instancemanager.SpawnManager: SpawnManager: spawned 37000 npc for group: NONE
[13.05.20 22:42:51:202]  INFO instancemanager.SpawnManager: SpawnManager: spawned 39000 npc for group: NONE
[13.05.20 22:42:51:448]  INFO instancemanager.SpawnManager: SpawnManager: spawned 39259 npc; spawns: 18159; group: NONE
[13.05.20 22:42:51:449]  INFO gameserver.GameServer: --------------------------------------------------------------------=[ Boats ]
[13.05.20 22:42:51:449]  INFO data.BoatHolder: BoatHolder: loaded 2 boat(s) count.
[13.05.20 22:42:51:460]  INFO data.BoatHolder: BoatHolder: Spawning: RunePrimeval_Vehicle
[13.05.20 22:42:51:461]  INFO data.BoatHolder: BoatHolder: Spawning: AdenGracia_Airship
[13.05.20 22:42:51:464]  INFO holder.StaticObjectHolder: StaticObjectHolder: spawned: 50 static object(s).
[13.05.20 22:42:51:464]  INFO gameserver.GameServer: ---------------------------------------------------------=[ Dimensional Rift ]
[13.05.20 22:42:51:483]  INFO instancemanager.DimensionalRiftManager: DimensionalRiftManager: Loaded 13 room types with 112 rooms.
[13.05.20 22:42:51:484]  INFO instancemanager.DimensionalRiftManager: DimensionalRiftManager: Loaded 300 DimensionalRift spawns, 0 errors.
[13.05.20 22:42:51:487]  INFO gameserver.GameServer: --------------------------------------------------------------=[ Seven Signs ]
[13.05.20 22:42:51:516]  INFO instancemanager.AutoSpawnManager: AutoSpawnHandler: Loaded 50 handlers in total.
[13.05.20 22:42:51:517]  INFO gameserver.GameServer: ===================[Loading Olympiad System]=======================
[13.05.20 22:42:51:524]  INFO olympiad.Olympiad: Olympiad System: Loading Olympiad System....
[13.05.20 22:42:51:525]  INFO olympiad.Olympiad: Olympiad System: Currently in Olympiad Period
[13.05.20 22:42:51:525]  INFO olympiad.Olympiad: Olympiad System: Period Ends....
[13.05.20 22:42:51:526]  INFO olympiad.Olympiad: Olympiad System: In 18 days, 1 hours and 17 mins.
[13.05.20 22:42:51:526]  INFO olympiad.Olympiad: Olympiad System: Next Weekly Change is in....
[13.05.20 22:42:51:527]  INFO olympiad.Olympiad: Olympiad System: In 6 days, 19 hours and 25 mins.
[13.05.20 22:42:51:528]  INFO olympiad.Olympiad: Olympiad System: Loaded 1 Noblesses
[13.05.20 22:42:51:529]  INFO olympiad.Olympiad: Olympiad System: Competition Period Starts in 0 days, 0 hours and 0 mins.
[13.05.20 22:42:51:530]  INFO olympiad.Olympiad: Olympiad System: Event starts/started: Wed May 13 18:00:51 YEKT 2020
[13.05.20 22:42:51:535]  INFO entity.Hero: Hero System: Loaded 0 Heroes.
[13.05.20 22:42:51:536]  INFO entity.Hero: Hero System: Loaded 0 all time Heroes.
[13.05.20 22:42:51:536]  INFO gameserver.GameServer: ===================[Olympiad System Loaded]=======================
[13.05.20 22:42:51:539]  INFO instancemanager.PetitionManager: Initializing PetitionManager
[13.05.20 22:42:51:545]  INFO olympiad.CompStartTask: Olympiad System: Olympiad Game Started
[13.05.20 22:42:51:554]  INFO instancemanager.CursedWeaponsManager: CursedWeaponsManager: Loaded 2 cursed weapon(s).
[13.05.20 22:42:51:554]  INFO gameserver.GameServer: ======================[Loading BALANCER]==========================
[13.05.20 22:42:51:603]  INFO gameserver.GameServer: ======================[Loading BALANCER]==========================
[13.05.20 22:42:51:604]  INFO gameserver.GameServer: -----------------------------------------------------------=[ Admin Commands ]
[13.05.20 22:42:51:604]  INFO admincommands.AdminCommandHandler: AdminCommandHandler: loaded 422 admin command handler(s) count.
[13.05.20 22:42:51:605]  INFO gameserver.GameServer: ---------------------------------------------------------=[ Players Commands ]
[13.05.20 22:42:51:610]  INFO usercommands.UserCommandHandler: UserCommandHandler: loaded 16 user command handler(s) count.
[13.05.20 22:42:51:611]  INFO voicecommands.VoicedCommandHandler: VoicedCommandHandler: loaded 96 voiced command handler(s) count.
[13.05.20 22:42:51:623]  INFO gameserver.GameServer: ======================[Loading Castels & Clan Halls]==========================
[13.05.20 22:42:51:762]  INFO impl.CastleSiegeEvent: CastleSiegeEvent: Gludio Castle time - 16:00 17.05.2020
[13.05.20 22:42:51:779]  INFO impl.CastleSiegeEvent: CastleSiegeEvent: Dion Castle time - 16:00 17.05.2020
[13.05.20 22:42:51:790]  INFO impl.CastleSiegeEvent: CastleSiegeEvent: Giran Castle time - 20:00 17.05.2020
[13.05.20 22:42:51:801]  INFO impl.CastleSiegeEvent: CastleSiegeEvent: Oren Castle time - 20:00 17.05.2020
[13.05.20 22:42:51:811]  INFO impl.CastleSiegeEvent: CastleSiegeEvent: Aden Castle time - 16:00 17.05.2020
[13.05.20 22:42:51:832]  INFO impl.CastleSiegeEvent: CastleSiegeEvent: Innadril Castle time - 20:00 17.05.2020
[13.05.20 22:42:51:849]  INFO impl.CastleSiegeEvent: CastleSiegeEvent: Goddard Castle time - 20:00 17.05.2020
[13.05.20 22:42:51:872]  INFO impl.CastleSiegeEvent: CastleSiegeEvent: Rune Castle time - 16:00 17.05.2020
[13.05.20 22:42:51:884]  INFO impl.CastleSiegeEvent: CastleSiegeEvent: Schuttgart Castle time - 16:00 17.05.2020
[13.05.20 22:42:51:890]  INFO impl.ClanHallNpcSiegeEvent: ClanHallNpcSiegeEvent: Fortress Of Resistance time - 18:00 18.05.2020
[13.05.20 22:42:51:892]  INFO impl.ClanHallAuctionEvent: ClanHallAuctionEvent: Moonstone Hall time - 15:00 11.05.2020
[13.05.20 22:42:51:894]  INFO impl.ClanHallAuctionEvent: ClanHallAuctionEvent: Onyx Hall time - 15:00 11.05.2020
[13.05.20 22:42:51:895]  INFO impl.ClanHallAuctionEvent: ClanHallAuctionEvent: Topaz Hall time - 15:00 11.05.2020
[13.05.20 22:42:51:898]  INFO impl.ClanHallAuctionEvent: ClanHallAuctionEvent: Ruby Hall time - 15:00 11.05.2020
[13.05.20 22:42:51:899]  INFO impl.ClanHallAuctionEvent: ClanHallAuctionEvent: Crystal Hall time - 15:00 11.05.2020
[13.05.20 22:42:51:901]  INFO impl.ClanHallAuctionEvent: ClanHallAuctionEvent: Onyx Hall time - 15:00 11.05.2020
[13.05.20 22:42:51:903]  INFO impl.ClanHallAuctionEvent: ClanHallAuctionEvent: Sapphire Hall time - 15:00 11.05.2020
[13.05.20 22:42:51:904]  INFO impl.ClanHallAuctionEvent: ClanHallAuctionEvent: Moonstone Hall time - 15:00 11.05.2020
[13.05.20 22:42:51:906]  INFO impl.ClanHallAuctionEvent: ClanHallAuctionEvent: Emerald Hall time - 15:00 11.05.2020
[13.05.20 22:42:51:907]  INFO impl.ClanHallAuctionEvent: ClanHallAuctionEvent: The Atramental Barracks time - 15:00 11.05.2020
[13.05.20 22:42:51:910]  INFO impl.ClanHallAuctionEvent: ClanHallAuctionEvent: The Scarlet Barracks time - 15:00 11.05.2020
[13.05.20 22:42:51:911]  INFO impl.ClanHallAuctionEvent: ClanHallAuctionEvent: The Viridian Barracks time - 15:00 11.05.2020
[13.05.20 22:42:51:913]  INFO impl.ClanHallSiegeEvent: ClanHallSiegeEvent: Devastated Castle time - 18:00 16.05.2020
[13.05.20 22:42:51:914]  INFO impl.ClanHallTeamBattleEvent: ClanHallTeamBattleEvent: Bandit Stronghold time - 22:00 16.05.2020
[13.05.20 22:42:51:915]  INFO impl.ClanHallAuctionEvent: ClanHallAuctionEvent: The Golden Chamber time - 15:00 11.05.2020
[13.05.20 22:42:51:917]  INFO impl.ClanHallAuctionEvent: ClanHallAuctionEvent: The Silver Chamber time - 15:00 11.05.2020
[13.05.20 22:42:51:918]  INFO impl.ClanHallAuctionEvent: ClanHallAuctionEvent: The Mithril Chamber time - 15:00 11.05.2020
[13.05.20 22:42:51:919]  INFO impl.ClanHallAuctionEvent: ClanHallAuctionEvent: Silver Manor time - 15:00 11.05.2020
[13.05.20 22:42:51:920]  INFO impl.ClanHallAuctionEvent: ClanHallAuctionEvent: Gold Manor time - 15:00 11.05.2020
[13.05.20 22:42:51:922]  INFO impl.ClanHallAuctionEvent: ClanHallAuctionEvent: The Bronze Chamber time - 15:00 11.05.2020
[13.05.20 22:42:51:925]  INFO impl.ClanHallAuctionEvent: ClanHallAuctionEvent: The Golden Chamber time - 15:00 11.05.2020
[13.05.20 22:42:51:928]  INFO impl.ClanHallAuctionEvent: ClanHallAuctionEvent: The Silver Chamber time - 15:00 11.05.2020
[13.05.20 22:42:51:930]  INFO impl.ClanHallAuctionEvent: ClanHallAuctionEvent: The Mithril Chamber time - 15:00 11.05.2020
[13.05.20 22:42:51:934]  INFO impl.ClanHallAuctionEvent: ClanHallAuctionEvent: The Bronze Chamber time - 15:00 11.05.2020
[13.05.20 22:42:51:952]  INFO impl.ClanHallAuctionEvent: ClanHallAuctionEvent: Silver Manor time - 15:00 11.05.2020
[13.05.20 22:42:51:955]  INFO impl.ClanHallAuctionEvent: ClanHallAuctionEvent: Moonstone Hall time - 15:00 11.05.2020
[13.05.20 22:42:51:958]  INFO impl.ClanHallAuctionEvent: ClanHallAuctionEvent: Onyx Hall time - 15:00 11.05.2020
[13.05.20 22:42:51:960]  INFO impl.ClanHallAuctionEvent: ClanHallAuctionEvent: Emerald Hall time - 15:00 11.05.2020
[13.05.20 22:42:51:971]  INFO impl.ClanHallAuctionEvent: ClanHallAuctionEvent: Sapphire Hall time - 15:00 11.05.2020
[13.05.20 22:42:51:972]  INFO impl.ClanHallAuctionEvent: ClanHallAuctionEvent: Mont Chamber time - 15:00 11.05.2020
[13.05.20 22:42:51:973]  INFO impl.ClanHallAuctionEvent: ClanHallAuctionEvent: Astaire Chamber time - 15:00 11.05.2020
[13.05.20 22:42:51:974]  INFO impl.ClanHallAuctionEvent: ClanHallAuctionEvent: Aria Chamber time - 15:00 11.05.2020
[13.05.20 22:42:51:975]  INFO impl.ClanHallAuctionEvent: ClanHallAuctionEvent: Yiana Chamber time - 15:00 11.05.2020
[13.05.20 22:42:51:978]  INFO impl.ClanHallAuctionEvent: ClanHallAuctionEvent: Roien Chamber time - 15:00 11.05.2020
[13.05.20 22:42:51:979]  INFO impl.ClanHallAuctionEvent: ClanHallAuctionEvent: Luna Chamber time - 15:00 11.05.2020
[13.05.20 22:42:51:982]  INFO impl.ClanHallAuctionEvent: ClanHallAuctionEvent: Traban Chamber time - 15:00 11.05.2020
[13.05.20 22:42:51:984]  INFO impl.ClanHallAuctionEvent: ClanHallAuctionEvent: Eisen Hall time - 15:00 11.05.2020
[13.05.20 22:42:51:988]  INFO impl.ClanHallAuctionEvent: ClanHallAuctionEvent: Heavy Metal Hall time - 15:00 11.05.2020
[13.05.20 22:42:51:990]  INFO impl.ClanHallAuctionEvent: ClanHallAuctionEvent: Molten Ore Hall time - 15:00 11.05.2020
[13.05.20 22:42:51:993]  INFO impl.ClanHallAuctionEvent: ClanHallAuctionEvent: Titan Hall time - 15:00 11.05.2020
[13.05.20 22:42:51:995]  INFO impl.ClanHallMiniGameEvent: ClanHallMiniGameEvent: Rainbow Springs time - 22:00 16.05.2020
[13.05.20 22:42:51:996]  INFO impl.ClanHallTeamBattleEvent: ClanHallTeamBattleEvent: Wild Beast Reserve time - 21:00 16.05.2020
[13.05.20 22:42:51:999]  INFO impl.ClanHallSiegeEvent: ClanHallSiegeEvent: Fortress of Dead time - 18:00 16.05.2020
[13.05.20 22:42:52:003]  INFO impl.DominionSiegeEvent: DominionSiegeEvent: Gludio Dominion time - undefined
[13.05.20 22:42:52:005]  INFO impl.DominionSiegeEvent: DominionSiegeEvent: Dion Dominion time - undefined
[13.05.20 22:42:52:007]  INFO impl.DominionSiegeEvent: DominionSiegeEvent: Giran Dominion time - undefined
[13.05.20 22:42:52:010]  INFO impl.DominionSiegeEvent: DominionSiegeEvent: Oren Dominion time - undefined
[13.05.20 22:42:52:011]  INFO impl.DominionSiegeEvent: DominionSiegeEvent: Aden Dominion time - undefined
[13.05.20 22:42:52:014]  INFO impl.DominionSiegeEvent: DominionSiegeEvent: Innadril Dominion time - undefined
[13.05.20 22:42:52:016]  INFO impl.DominionSiegeEvent: DominionSiegeEvent: Goddard Dominion time - undefined
[13.05.20 22:42:52:019]  INFO impl.DominionSiegeEvent: DominionSiegeEvent: Rune Dominion time - undefined
[13.05.20 22:42:52:022]  INFO impl.DominionSiegeEvent: DominionSiegeEvent: Schuttgart Dominion time - undefined
[13.05.20 22:42:52:027]  INFO impl.FortressSiegeEvent: FortressSiegeEvent: Shanty Fortress time - undefined
[13.05.20 22:42:52:035]  INFO impl.FortressSiegeEvent: FortressSiegeEvent: Southern Fortress time - undefined
[13.05.20 22:42:52:044]  INFO impl.FortressSiegeEvent: FortressSiegeEvent: Hive Fortress time - undefined
[13.05.20 22:42:52:052]  INFO impl.FortressSiegeEvent: FortressSiegeEvent: Valley Fortress time - undefined
[13.05.20 22:42:52:058]  INFO impl.FortressSiegeEvent: FortressSiegeEvent: Ivory Fortress time - undefined
[13.05.20 22:42:52:068]  INFO impl.FortressSiegeEvent: FortressSiegeEvent: Narsell Fortress time - undefined
[13.05.20 22:42:52:076]  INFO impl.FortressSiegeEvent: FortressSiegeEvent: Bayou Fortress time - undefined
[13.05.20 22:42:52:085]  INFO impl.FortressSiegeEvent: FortressSiegeEvent: White Sands Fortress time - undefined
[13.05.20 22:42:52:094]  INFO impl.FortressSiegeEvent: FortressSiegeEvent: Borderland Fortress time - undefined
[13.05.20 22:42:52:103]  INFO impl.FortressSiegeEvent: FortressSiegeEvent: Swamp Fortress time - undefined
[13.05.20 22:42:52:109]  INFO impl.FortressSiegeEvent: FortressSiegeEvent: Archaic Fortress time - undefined
[13.05.20 22:42:52:117]  INFO impl.FortressSiegeEvent: FortressSiegeEvent: Floran Fortress time - undefined
[13.05.20 22:42:52:124]  INFO impl.FortressSiegeEvent: FortressSiegeEvent: Cloud Mountain Fortress time - undefined
[13.05.20 22:42:52:137]  INFO impl.FortressSiegeEvent: FortressSiegeEvent: Tanor Fortress time - undefined
[13.05.20 22:42:52:143]  INFO impl.FortressSiegeEvent: FortressSiegeEvent: Dragonspine Fortress time - undefined
[13.05.20 22:42:52:150]  INFO impl.FortressSiegeEvent: FortressSiegeEvent: Antharas Fortress time - undefined
[13.05.20 22:42:52:165]  INFO impl.FortressSiegeEvent: FortressSiegeEvent: Western Fortress time - undefined
[13.05.20 22:42:52:173]  INFO impl.FortressSiegeEvent: FortressSiegeEvent: Hunter's Fortress time - undefined
[13.05.20 22:42:52:183]  INFO impl.FortressSiegeEvent: FortressSiegeEvent: Aaru Fortress time - undefined
[13.05.20 22:42:52:192]  INFO impl.FortressSiegeEvent: FortressSiegeEvent: Demon Fortress time - undefined
[13.05.20 22:42:52:200]  INFO impl.FortressSiegeEvent: FortressSiegeEvent: Monastic Fortress time - undefined
[13.05.20 22:42:52:201]  INFO impl.KrateisCubeEvent: KrateisCubeEvent: Krateis Cube 70-75 Level time - 23:00 13.05.2020
[13.05.20 22:42:52:202]  INFO impl.KrateisCubeEvent: KrateisCubeEvent: Krateis Cube 76-79 Level time - 23:00 13.05.2020
[13.05.20 22:42:52:202]  INFO impl.KrateisCubeEvent: KrateisCubeEvent: Krateis Cube 80-85 Level time - 23:00 13.05.2020
[13.05.20 22:42:52:204]  INFO fightclub.LastManStandingEvent: LastManStandingEvent: Last Hero time - 05:00 01.01.1970
[13.05.20 22:42:52:205]  INFO fightclub.TeamVSTeamEvent: TeamVSTeamEvent: Team VS Team time - 05:00 01.01.1970
[13.05.20 22:42:52:205]  INFO fightclub.LuckyCreaturesEvent: LuckyCreaturesEvent: Lucky Creatures time - 05:00 01.01.1970
[13.05.20 22:42:52:205]  INFO fightclub.CaptureTheFlagEvent: CaptureTheFlagEvent: Capture The Flag time - 05:00 01.01.1970
[13.05.20 22:42:52:207]  INFO fightclub.FFATreasureHuntEvent: FFATreasureHuntEvent: Treasure Hunt time - 05:00 01.01.1970
[13.05.20 22:42:52:207]  INFO fightclub.KoreanStyleEvent: KoreanStyleEvent: Korean Style time - 05:00 01.01.1970
[13.05.20 22:42:52:210]  INFO instancemanager.CastleManorManager: Manor System: Initializing...
[13.05.20 22:42:52:264]  INFO gameserver.GameServer: ==============================================================================
[13.05.20 22:42:52:266]  INFO gameserver.GameServer: -------------------------------------------------------------=[ Auto Cleaner ]
[13.05.20 22:42:52:266]  INFO gameserver.GameServer: IdFactory: Free ObjectID's remaining: 1879003596
[13.05.20 22:42:52:267]  INFO gameserver.GameServer: ==============================================================================
[13.05.20 22:42:52:268]  INFO instancemanager.CoupleManager: Initializing CoupleManager
[13.05.20 22:42:52:269]  INFO instancemanager.CoupleManager: Loaded: 0 couples(s)
[13.05.20 22:42:52:273]  INFO gameserver.GameServer: ----------------------------------------------------------------=[ Hellbound ]
[13.05.20 22:42:52:288]  INFO instancemanager.HellboundManager: HellboundManager: Loaded 335 spawn entries.
[13.05.20 22:42:52:849]  INFO instancemanager.HellboundManager: HellboundManager: Spawned 623 mobs and NPCs according to the current Hellbound stage
[13.05.20 22:42:52:850]  INFO instancemanager.HellboundManager: Hellbound Manager: Loaded
[13.05.20 22:42:52:851]  INFO naia.NaiaTowerManager: Naia Core Manager: Loaded
[13.05.20 22:42:52:852]  INFO gameserver.GameServer: ==============================================================================
[13.05.20 22:42:52:854]  INFO instancemanager.SoDManager: Seed of Destruction Manager: Loaded
[13.05.20 22:42:52:855]  INFO instancemanager.SoIManager: Seed of Infinity Manager: Loaded. Current stage is: 1
[13.05.20 22:42:52:858]  INFO instancemanager.SpawnManager: SpawnManager: spawned 4 npc; spawns: 4; group: soi_world_mouths
[13.05.20 22:42:52:860]  INFO instancemanager.SpawnManager: SpawnManager: spawned 1 npc; spawns: 1; group: soi_world_abyssgaze2
[13.05.20 22:42:52:861]  INFO instancemanager.BloodAltarManager: Blood Altar Manager: Initializing...
[13.05.20 22:42:52:928]  INFO instancemanager.SpawnManager: SpawnManager: spawned 51 npc; spawns: 51; group: bloodaltar_alive_npc
[13.05.20 22:42:52:937]  INFO gameserver.GameServer: Preparing Drop Calculator
[13.05.20 22:42:53:191]  INFO gameserver.GameServer: ----------------------------------------------------------=[ Offline Buffers ]
[13.05.20 22:42:53:194]  INFO datatables.OfflineBuffersTable: OfflineBuffersTable: Loading offline buffers...
[13.05.20 22:42:53:195]  INFO datatables.OfflineBuffersTable: OfflineBuffersTable: Loaded: 0 offline buffer(s)
[13.05.20 22:42:53:196]  INFO gameserver.GameServer: ==============================================================================
[13.05.20 22:42:53:196]  INFO gameserver.GameServer: >>>>>>>>>> GameServer Started <<<<<<<<<
[13.05.20 22:42:53:197]  INFO gameserver.GameServer: Maximum Numbers of Connected Players: 3500
[13.05.20 22:42:53:198]  INFO gameserver.GameServer: ===============[Protection Database]==================
[13.05.20 22:42:53:199]  INFO dao.CharacterDAO: Found 0 characters to delete!
[13.05.20 22:42:53:200]  INFO gameserver.GameServer: ==============================================================================
[13.05.20 22:42:53:310]  INFO instancemanager.AutoAnnounce: AutoAnnounce: Initializing
[13.05.20 22:42:53:312]  INFO instancemanager.AutoAnnounce: AutoAnnounce: Load OK
[13.05.20 22:42:53:312]  INFO instancemanager.AutoAnnounce: AutoAnnounce: Loaded 0 announce.
[13.05.20 22:42:53:336]  INFO achievements.Achievements: Achievement System: Loaded 4 achievement categories and 36 achievements.
[13.05.20 22:42:53:865]  INFO instancemanager.SpawnManager: SpawnManager: spawned 443 npc; spawns: 121; group: DAY
[13.05.20 22:42:54:193]  INFO instancemanager.SpawnManager: SpawnManager: spawned 653 npc; spawns: 429; group: dawn_spawn
[13.05.20 22:42:55:004]  INFO instancemanager.SpawnManager: SpawnManager: spawned 653 npc; spawns: 429; group: dusk_spawn
[13.05.20 22:42:55:007]  INFO gameserver.GameServer: Telnet server is currently disabled.
[13.05.20 22:42:55:020]  INFO loginservercon.AuthServerCommunication: Connecting to authserver on 127.0.0.1:9014
[13.05.20 22:42:55:037]  INFO lspackets.AuthResponse: Registered on authserver as 4 [L2MYTHRAS-LIVE]
[13.05.20 22:44:33:314]  INFO tasks.RestoreOfflineTraders: Restored 0 offline traders
[13.05.20 22:50:30:875]  INFO threading.RunnableImpl: FourSepulchersManager: Entry time: Wed May 13 22:55:30 YEKT 2020
[13.05.20 22:59:54:353] ERROR loginservercon.AuthServerCommunication: AuthServer I/O error
java.io.IOException: Удаленный хост принудительно разорвал существующее подключение
	at sun.nio.ch.SocketDispatcher.read0(Native Method)
	at sun.nio.ch.SocketDispatcher.read(Unknown Source)
	at sun.nio.ch.IOUtil.readIntoNativeBuffer(Unknown Source)
	at sun.nio.ch.IOUtil.read(Unknown Source)
	at sun.nio.ch.SocketChannelImpl.read(Unknown Source)
	at l2f.gameserver.network.loginservercon.AuthServerCommunication.read(AuthServerCommunication.java:247)
	at l2f.gameserver.network.loginservercon.AuthServerCommunication.run(AuthServerCommunication.java:206)
